<?xml version="1.0" encoding="UTF-8"?>
<!-- Generated by org.testng.reporters.JUnitReportReporter -->
<testsuite skipped="0" hostname="Our-Lenovo" name="testcases.VideoGameAPITests" tests="6" failures="0" timestamp="04 Mar 2021 21:44:29 GMT" time="4.414" errors="0">
  <testcase name="getALLVideoGames_tc001" time="2.964" classname="testcases.VideoGameAPITests"/>
  <testcase name="addNewVideoGame_tc002" time="0.007" classname="testcases.VideoGameAPITests"/>
  <testcase name="addNewVideoGame_tc002a" time="0.327" classname="testcases.VideoGameAPITests"/>
  <testcase name="getSingleVGame_tc004" time="0.982" classname="testcases.VideoGameAPITests"/>
  <testcase name="updateVideoGame_tc003" time="0.085" classname="testcases.VideoGameAPITests"/>
  <testcase name="deleteVideoGame_tc005" time="0.049" classname="testcases.VideoGameAPITests"/>
</testsuite> <!-- testcases.VideoGameAPITests -->
