<?xml version="1.0" encoding="UTF-8"?>
<!-- Generated by org.testng.reporters.JUnitReportReporter -->
<testsuite skipped="0" hostname="Our-Lenovo" name="testcases.VideoGameAPITests" tests="6" failures="0" timestamp="04 Mar 2021 22:55:18 GMT" time="7.114" errors="0">
  <testcase name="getALLVideoGames_tc001" time="2.564" classname="testcases.VideoGameAPITests"/>
  <testcase name="addNewVideoGame_tc002" time="0.007" classname="testcases.VideoGameAPITests"/>
  <testcase name="addNewVideoGame_tc002a" time="0.325" classname="testcases.VideoGameAPITests"/>
  <testcase name="getSingleVGame_tc004" time="1.023" classname="testcases.VideoGameAPITests"/>
  <testcase name="updateVideoGame_tc003" time="0.101" classname="testcases.VideoGameAPITests"/>
  <testcase name="deleteVideoGame_tc005" time="3.094" classname="testcases.VideoGameAPITests"/>
</testsuite> <!-- testcases.VideoGameAPITests -->
